TN:
SF:src\Components\Card\ListCard.tsx
FN:6,ListCard
FN:15,onKeyDown
FNF:2
FNH:2
FNDA:3,ListCard
FNDA:2,onKeyDown
DA:1,1
DA:2,1
DA:3,1
DA:4,1
DA:5,1
DA:6,1
DA:7,3
DA:8,3
DA:9,3
DA:10,3
DA:11,3
DA:12,3
DA:13,3
DA:14,3
DA:15,3
DA:16,2
DA:17,2
DA:18,2
DA:19,2
DA:20,3
DA:21,3
DA:22,3
DA:23,3
DA:24,3
DA:25,3
DA:26,3
DA:27,3
DA:28,3
DA:29,3
DA:30,3
DA:31,3
DA:32,3
DA:33,3
DA:34,3
DA:35,3
DA:36,3
DA:37,3
DA:38,3
DA:39,3
DA:40,3
DA:41,3
DA:42,3
DA:43,3
DA:44,3
DA:45,3
DA:46,1
DA:47,1
LF:47
LH:47
BRDA:6,0,0,3
BRDA:9,1,0,3
BRDA:15,2,0,2
BRDA:16,3,0,1
BRF:4
BRH:4
end_of_record
TN:
SF:src\Components\DefaultMessage\DefaultMessage.tsx
FN:7,DefaultMessage
FNF:1
FNH:1
FNDA:2,DefaultMessage
DA:1,1
DA:2,1
DA:3,1
DA:4,1
DA:5,1
DA:6,1
DA:7,1
DA:8,2
DA:9,2
DA:10,2
DA:11,2
DA:12,2
DA:13,2
DA:14,1
DA:15,1
LF:15
LH:15
BRDA:7,0,0,2
BRF:1
BRH:1
end_of_record
TN:
SF:src\Components\SearchInput\SearchInput.tsx
FN:14,SearchInput
FN:17,handleChange
FNF:2
FNH:2
FNDA:6,SearchInput
FNDA:2,handleChange
DA:1,1
DA:2,1
DA:3,1
DA:4,1
DA:5,1
DA:6,1
DA:7,1
DA:8,1
DA:9,1
DA:10,1
DA:11,1
DA:12,1
DA:13,1
DA:14,1
DA:15,6
DA:16,6
DA:17,6
DA:18,2
DA:19,2
DA:20,2
DA:21,2
DA:22,8
DA:23,2
DA:24,2
DA:25,2
DA:26,2
DA:27,2
DA:28,2
DA:29,6
DA:30,6
DA:31,6
DA:32,6
DA:33,6
DA:34,6
DA:35,6
DA:36,6
DA:37,6
DA:38,6
DA:39,6
DA:40,6
DA:41,6
DA:42,1
DA:43,1
LF:43
LH:43
BRDA:14,0,0,6
BRDA:17,1,0,2
BRDA:21,2,0,8
BRF:3
BRH:3
end_of_record
